<?xml version="1.0" encoding="UTF-8"?>
<testsuite name="frontend.tests.BasicTest" tests="5" skipped="0" failures="0" errors="0" timestamp="2022-11-08T18:57:38" hostname="NTB371" time="36.377">
  <properties/>
  <testcase name="registerSuccess()" classname="frontend.tests.BasicTest" time="12.43"/>
  <testcase name="loginFail()" classname="frontend.tests.BasicTest" time="6.473"/>
  <testcase name="assertShowTitle()" classname="frontend.tests.BasicTest" time="5.568"/>
  <testcase name="isAtHomePage()" classname="frontend.tests.BasicTest" time="5.529"/>
  <testcase name="loginSuccess()" classname="frontend.tests.BasicTest" time="6.376"/>
  <system-out><![CDATA[]]></system-out>
  <system-err><![CDATA[SLF4J: No SLF4J providers were found.
SLF4J: Defaulting to no-operation (NOP) logger implementation
SLF4J: See https://www.slf4j.org/codes.html#noProviders for further details.
Starting ChromeDriver 107.0.5304.62 (1eec40d3a5764881c92085aaee66d25075c159aa-refs/branch-heads/5304@{#942}) on port 51864
Only local connections are allowed.
Please see https://chromedriver.chromium.org/security-considerations for suggestions on keeping ChromeDriver safe.
ChromeDriver was started successfully.
Nov 08, 2022 7:57:47 PM org.openqa.selenium.remote.ProtocolHandshake createSession
INFO: Detected upstream dialect: W3C
Nov 08, 2022 7:57:47 PM org.openqa.selenium.devtools.CdpVersionFinder findNearestMatch
WARNING: Unable to find an exact match for CDP version 107, so returning the closest version found: 106
Nov 08, 2022 7:57:47 PM org.openqa.selenium.devtools.CdpVersionFinder findNearestMatch
INFO: Found CDP implementation for version 107 of 106
]]></system-err>
</testsuite>
